2022-07-28 19:42:36,100 DEBUG 1 [0x10c0b4600] - listen fd: 6
2022-07-28 19:42:36,100 DEBUG 1 [0x10c0b4600] - connected 127.0.0.1:7001
2022-07-28 19:42:37,776  WARN 1677 [0x70000df17000] - subscribed msg 2.2.2.2
2022-07-28 19:42:37,783 DEBUG 1684 [0x70000df17000] - 2.2.2.2 added
2022-07-28 19:42:38,101 DEBUG 2002 [0x10c0b4600] - 8 Gossip Event
2022-07-28 19:42:38,101 DEBUG 2002 [0x10c0b4600] - total read:  52
2022-07-28 19:42:38,101  WARN 2002 [0x10c0b4600] - received_ 2.2.2.2
2022-07-28 19:42:38,101  WARN 2002 [0x10c0b4600] - timestamp 1659008557
2022-07-28 19:42:38,103 DEBUG 2004 [0x10c0b4600] - old msg: 2.2.2.2
2022-07-28 19:42:39,104 DEBUG 3005 [0x10c0b4600] - sendRecentMessage Called
2022-07-28 19:42:39,104 DEBUG 3005 [0x10c0b4600] - to send msg,nums 1
2022-07-28 19:42:39,104 DEBUG 3005 [0x10c0b4600] - send to  127.0.0.1:7001
2022-07-28 19:42:41,110 DEBUG 5011 [0x10c0b4600] - 8 Gossip Event
2022-07-28 19:42:41,111 DEBUG 5011 [0x10c0b4600] - total read:  52
2022-07-28 19:42:41,111  WARN 5011 [0x10c0b4600] - received_ 2.2.2.2
2022-07-28 19:42:41,111  WARN 5012 [0x10c0b4600] - timestamp 1659008557
2022-07-28 19:42:41,114 DEBUG 5015 [0x10c0b4600] - old msg: 2.2.2.2
2022-07-28 19:42:42,115 DEBUG 6015 [0x10c0b4600] - sendRecentMessage Called
2022-07-28 19:42:42,115 DEBUG 6016 [0x10c0b4600] - to send msg,nums 1
2022-07-28 19:42:42,115 DEBUG 6016 [0x10c0b4600] - send to  127.0.0.1:7001
2022-07-28 19:42:44,122 DEBUG 8023 [0x10c0b4600] - 8 Gossip Event
2022-07-28 19:42:44,122 DEBUG 8023 [0x10c0b4600] - total read:  52
2022-07-28 19:42:44,122  WARN 8023 [0x10c0b4600] - received_ 2.2.2.2
2022-07-28 19:42:44,122  WARN 8023 [0x10c0b4600] - timestamp 1659008557
2022-07-28 19:42:44,127 DEBUG 8028 [0x10c0b4600] - old msg: 2.2.2.2
2022-07-28 19:42:45,128 DEBUG 9029 [0x10c0b4600] - sendRecentMessage Called
2022-07-28 19:42:45,128 DEBUG 9029 [0x10c0b4600] - to send msg,nums 1
2022-07-28 19:42:45,128 DEBUG 9029 [0x10c0b4600] - send to  127.0.0.1:7001
2022-07-28 19:42:48,129 DEBUG 12030 [0x10c0b4600] - sendRecentMessage Called
2022-07-28 19:42:51,130 DEBUG 15031 [0x10c0b4600] - sendRecentMessage Called
2022-07-28 19:42:54,131 DEBUG 18032 [0x10c0b4600] - sendRecentMessage Called
2022-07-28 19:42:57,131 DEBUG 21032 [0x10c0b4600] - sendRecentMessage Called
2022-07-28 19:43:00,131 DEBUG 24032 [0x10c0b4600] - sendRecentMessage Called
2022-07-28 19:43:03,133 DEBUG 27033 [0x10c0b4600] - sendRecentMessage Called
2022-08-19 12:58:50,738 DEBUG 1 [0x1111eb600] - listen fd: 6
2022-08-19 12:58:50,739 DEBUG 2 [0x1111eb600] - not connected 127.0.0.1:7001
2022-08-19 12:58:53,740 DEBUG 3004 [0x1111eb600] - sendRecentMessage Called
2022-08-19 12:58:56,741 DEBUG 6005 [0x1111eb600] - sendRecentMessage Called
2022-08-19 12:58:59,742 DEBUG 9005 [0x1111eb600] - sendRecentMessage Called
2022-08-19 12:59:02,743 DEBUG 12006 [0x1111eb600] - sendRecentMessage Called
2022-08-19 12:59:05,743 DEBUG 15006 [0x1111eb600] - sendRecentMessage Called
2022-08-19 12:59:08,744 DEBUG 18008 [0x1111eb600] - sendRecentMessage Called
2022-08-19 12:59:11,746 DEBUG 21009 [0x1111eb600] - sendRecentMessage Called
2022-08-19 12:59:14,747 DEBUG 24010 [0x1111eb600] - sendRecentMessage Called
2022-08-19 12:59:17,748 DEBUG 27011 [0x1111eb600] - sendRecentMessage Called
2022-08-19 12:59:20,749 DEBUG 30012 [0x1111eb600] - sendRecentMessage Called
2022-08-19 12:59:23,751 DEBUG 33014 [0x1111eb600] - sendRecentMessage Called
2022-08-19 12:59:26,752 DEBUG 36015 [0x1111eb600] - sendRecentMessage Called
2022-08-19 12:59:29,753 DEBUG 39016 [0x1111eb600] - sendRecentMessage Called
2022-08-19 12:59:32,753 DEBUG 42016 [0x1111eb600] - sendRecentMessage Called
2022-08-19 12:59:33,066  WARN 42329 [0x700005d87000] - subscribed msg manager 1.1.1.1 8989 service alias
2022-08-19 12:59:35,754 DEBUG 45018 [0x1111eb600] - sendRecentMessage Called
2022-08-19 12:59:38,755 DEBUG 48018 [0x1111eb600] - sendRecentMessage Called
2022-08-19 12:59:41,756 DEBUG 51019 [0x1111eb600] - sendRecentMessage Called
2022-08-19 12:59:44,757 DEBUG 54021 [0x1111eb600] - sendRecentMessage Called
2022-08-19 12:59:47,759 DEBUG 57022 [0x1111eb600] - sendRecentMessage Called
2022-08-19 12:59:50,760 DEBUG 60023 [0x1111eb600] - sendRecentMessage Called
2022-08-19 12:59:53,760 DEBUG 63023 [0x1111eb600] - sendRecentMessage Called
2022-08-19 12:59:56,760 DEBUG 66024 [0x1111eb600] - sendRecentMessage Called
2022-08-19 12:59:59,762 DEBUG 69025 [0x1111eb600] - sendRecentMessage Called
2022-08-19 13:00:02,763 DEBUG 72026 [0x1111eb600] - sendRecentMessage Called
2022-08-19 13:00:05,763 DEBUG 75026 [0x1111eb600] - sendRecentMessage Called
2022-08-19 13:00:08,765 DEBUG 78028 [0x1111eb600] - sendRecentMessage Called
2022-08-19 13:00:11,765 DEBUG 81028 [0x1111eb600] - sendRecentMessage Called
2022-08-19 13:00:14,766 DEBUG 84029 [0x1111eb600] - sendRecentMessage Called
2022-08-19 13:00:17,767 DEBUG 87030 [0x1111eb600] - sendRecentMessage Called
2022-08-19 13:00:20,768 DEBUG 90031 [0x1111eb600] - sendRecentMessage Called
2022-08-19 13:00:23,769 DEBUG 93032 [0x1111eb600] - sendRecentMessage Called
2022-08-19 13:00:26,770 DEBUG 96033 [0x1111eb600] - sendRecentMessage Called
2022-08-19 13:00:29,771 DEBUG 99034 [0x1111eb600] - sendRecentMessage Called
2022-08-19 13:00:32,771 DEBUG 102035 [0x1111eb600] - sendRecentMessage Called
2022-08-19 13:00:35,773 DEBUG 105036 [0x1111eb600] - sendRecentMessage Called
2022-08-19 13:00:38,774 DEBUG 108037 [0x1111eb600] - sendRecentMessage Called
2022-08-19 13:00:41,774 DEBUG 111037 [0x1111eb600] - sendRecentMessage Called
2022-08-19 13:00:44,775 DEBUG 114039 [0x1111eb600] - sendRecentMessage Called
2022-08-19 13:00:47,777 DEBUG 117040 [0x1111eb600] - sendRecentMessage Called
2022-08-19 13:01:50,006 DEBUG 1 [0x110c8a600] - listen fd: 6
2022-08-19 13:01:50,007 DEBUG 2 [0x110c8a600] - not connected 127.0.0.1:7001
2022-08-19 13:01:52,758  WARN 2753 [0x700002034000] - subscribed msg manager 1.1.1.1 8989 service alias
2022-08-19 13:01:53,008 DEBUG 3003 [0x110c8a600] - sendRecentMessage Called
2022-08-19 13:01:56,009 DEBUG 6004 [0x110c8a600] - sendRecentMessage Called
2022-08-19 13:01:59,010 DEBUG 9005 [0x110c8a600] - sendRecentMessage Called
2022-08-19 13:02:02,011 DEBUG 12006 [0x110c8a600] - sendRecentMessage Called
2022-08-19 13:02:05,012 DEBUG 15007 [0x110c8a600] - sendRecentMessage Called
2022-08-19 13:02:08,014 DEBUG 18009 [0x110c8a600] - sendRecentMessage Called
